0 info it worked if it ends with ok
1 verbose cli [ '/usr/local/bin/node', '/usr/local/bin/npm', 'install' ]
2 info using npm@1.3.5
3 info using node@v0.10.15
4 warn package.json Recordspaces@0.0.1 No repository field.
5 warn package.json Recordspaces@0.0.1 No README data
6 verbose readDependencies using package.json deps
7 verbose install where, deps [ '/home/dluetke/src/Recordspaces',
7 verbose install   [ 'express', 'backbone', 'mongodb', 'jade' ] ]
8 info preinstall Recordspaces@0.0.1
9 warn package.json backbone@1.0.0 No repository field.
10 verbose readDependencies using package.json deps
11 verbose already installed skipping backbone@1.0.0 /home/dluetke/src/Recordspaces
12 verbose already installed skipping express@3.3.4 /home/dluetke/src/Recordspaces
13 verbose cache add [ 'mongodb@2.4.*', null ]
14 verbose cache add name=undefined spec="mongodb@2.4.*" args=["mongodb@2.4.*",null]
15 verbose parsed url { protocol: null,
15 verbose parsed url   slashes: null,
15 verbose parsed url   auth: null,
15 verbose parsed url   host: null,
15 verbose parsed url   port: null,
15 verbose parsed url   hostname: null,
15 verbose parsed url   hash: null,
15 verbose parsed url   search: null,
15 verbose parsed url   query: null,
15 verbose parsed url   pathname: 'mongodb@2.4.*',
15 verbose parsed url   path: 'mongodb@2.4.*',
15 verbose parsed url   href: 'mongodb@2.4.*' }
16 verbose cache add name="mongodb" spec="2.4.*" args=["mongodb","2.4.*"]
17 verbose parsed url { protocol: null,
17 verbose parsed url   slashes: null,
17 verbose parsed url   auth: null,
17 verbose parsed url   host: null,
17 verbose parsed url   port: null,
17 verbose parsed url   hostname: null,
17 verbose parsed url   hash: null,
17 verbose parsed url   search: null,
17 verbose parsed url   query: null,
17 verbose parsed url   pathname: '2.4.*',
17 verbose parsed url   path: '2.4.*',
17 verbose parsed url   href: '2.4.*' }
18 verbose addNamed [ 'mongodb', '2.4.*' ]
19 verbose addNamed [ null, '>=2.4.0-0 <2.5.0-0' ]
20 verbose already installed skipping jade@ /home/dluetke/src/Recordspaces
21 silly lockFile e76df044-mongodb-2-4 mongodb@2.4.*
22 verbose lock mongodb@2.4.* /home/dluetke/.npm/e76df044-mongodb-2-4.lock
23 silly addNameRange { name: 'mongodb', range: '>=2.4.0-0 <2.5.0-0', hasData: false }
24 verbose url raw mongodb
25 verbose url resolving [ 'https://registry.npmjs.org/', './mongodb' ]
26 verbose url resolved https://registry.npmjs.org/mongodb
27 info trying registry request attempt 1 at 22:02:52
28 verbose etag "6IYEHE86176UL0WTA4TUECX1Q"
29 http GET https://registry.npmjs.org/mongodb
30 http 200 https://registry.npmjs.org/mongodb
31 silly registry.get cb [ 200,
31 silly registry.get   { vary: 'Accept',
31 silly registry.get     server: 'CouchDB/1.3.0 (Erlang OTP/R15B03)',
31 silly registry.get     etag: '"DXIVXLEVSVMG368LWF7D8A0TP"',
31 silly registry.get     date: 'Sun, 11 Aug 2013 20:02:58 GMT',
31 silly registry.get     'content-type': 'application/json',
31 silly registry.get     'content-length': '1341748' } ]
32 silly addNameRange number 2 { name: 'mongodb', range: '>=2.4.0-0 <2.5.0-0', hasData: true }
33 silly addNameRange versions [ 'mongodb',
33 silly addNameRange   [ '0.9.4',
33 silly addNameRange     '0.9.4-4',
33 silly addNameRange     '0.9.3',
33 silly addNameRange     '0.9.1',
33 silly addNameRange     '0.9.2',
33 silly addNameRange     '0.9.6-7',
33 silly addNameRange     '0.9.6-8',
33 silly addNameRange     '0.9.6-9',
33 silly addNameRange     '0.9.6-10',
33 silly addNameRange     '0.9.6-11',
33 silly addNameRange     '0.9.6-12',
33 silly addNameRange     '0.9.6-13',
33 silly addNameRange     '0.9.6-14',
33 silly addNameRange     '0.9.6-15',
33 silly addNameRange     '0.9.6-16',
33 silly addNameRange     '0.9.6-17',
33 silly addNameRange     '0.9.6-18',
33 silly addNameRange     '0.9.6-19',
33 silly addNameRange     '0.9.6-20',
33 silly addNameRange     '0.9.6-21',
33 silly addNameRange     '0.9.6-22',
33 silly addNameRange     '0.9.6-23',
33 silly addNameRange     '0.9.7',
33 silly addNameRange     '0.9.7-0',
33 silly addNameRange     '0.9.7-1',
33 silly addNameRange     '0.9.7-1.1',
33 silly addNameRange     '0.9.7-1.2',
33 silly addNameRange     '0.9.7-1.3',
33 silly addNameRange     '0.9.7-1.4',
33 silly addNameRange     '0.9.7-2',
33 silly addNameRange     '0.9.7-2-1',
33 silly addNameRange     '0.9.7-2-2',
33 silly addNameRange     '0.9.7-2-3',
33 silly addNameRange     '0.9.7-2-4',
33 silly addNameRange     '0.9.7-2-5',
33 silly addNameRange     '0.9.7-3',
33 silly addNameRange     '0.9.7-3-1',
33 silly addNameRange     '0.9.7-3-2',
33 silly addNameRange     '0.9.7-3-3',
33 silly addNameRange     '0.9.7-3-4',
33 silly addNameRange     '0.9.7-3-5',
33 silly addNameRange     '0.9.8',
33 silly addNameRange     '0.9.8-1',
33 silly addNameRange     '0.9.8-2',
33 silly addNameRange     '0.9.8-3',
33 silly addNameRange     '0.9.8-4',
33 silly addNameRange     '0.9.8-5',
33 silly addNameRange     '0.9.8-6',
33 silly addNameRange     '0.9.8-7',
33 silly addNameRange     '0.9.9',
33 silly addNameRange     '0.9.9-1',
33 silly addNameRange     '0.9.9-2',
33 silly addNameRange     '0.9.9-3',
33 silly addNameRange     '0.9.9-4',
33 silly addNameRange     '0.9.9-5',
33 silly addNameRange     '0.9.9-6',
33 silly addNameRange     '0.9.9-7',
33 silly addNameRange     '0.9.9-8',
33 silly addNameRange     '1.0.0',
33 silly addNameRange     '1.0.1',
33 silly addNameRange     '1.0.2',
33 silly addNameRange     '1.1.0-beta',
33 silly addNameRange     '1.1.0',
33 silly addNameRange     '1.1.1',
33 silly addNameRange     '1.1.2',
33 silly addNameRange     '1.1.3',
33 silly addNameRange     '1.1.4',
33 silly addNameRange     '1.1.5',
33 silly addNameRange     '1.1.6',
33 silly addNameRange     '1.1.7',
33 silly addNameRange     '1.1.8',
33 silly addNameRange     '1.1.9',
33 silly addNameRange     '1.1.10',
33 silly addNameRange     '1.1.11',
33 silly addNameRange     '1.2.0',
33 silly addNameRange     '1.2.1',
33 silly addNameRange     '1.2.2',
33 silly addNameRange     '1.2.3',
33 silly addNameRange     '1.2.4',
33 silly addNameRange     '1.2.5',
33 silly addNameRange     '1.2.6',
33 silly addNameRange     '1.2.7',
33 silly addNameRange     '1.2.8',
33 silly addNameRange     '1.2.9',
33 silly addNameRange     '1.2.10',
33 silly addNameRange     '1.2.11',
33 silly addNameRange     '1.2.12',
33 silly addNameRange     '1.2.13',
33 silly addNameRange     '1.2.14',
33 silly addNameRange     '1.3.0',
33 silly addNameRange     '1.3.1',
33 silly addNameRange     '1.3.2',
33 silly addNameRange     '1.3.3',
33 silly addNameRange     '1.3.4',
33 silly addNameRange     '1.3.5',
33 silly addNameRange     '1.3.6',
33 silly addNameRange     '1.3.7',
33 silly addNameRange     '1.3.8',
33 silly addNameRange     '1.3.9',
33 silly addNameRange     '1.3.10',
33 silly addNameRange     '1.3.11',
33 silly addNameRange     '1.3.12',
33 silly addNameRange     '1.3.14',
33 silly addNameRange     '1.3.15',
33 silly addNameRange     '1.3.18',
33 silly addNameRange     '1.3.17' ] ]
34 silly lockFile e76df044-mongodb-2-4 mongodb@2.4.*
35 silly lockFile e76df044-mongodb-2-4 mongodb@2.4.*
36 error Error: No compatible version found: mongodb@'>=2.4.0-0 <2.5.0-0'
36 error Valid install targets:
36 error ["0.9.4","0.9.4-4","0.9.3","0.9.1","0.9.2","0.9.6-7","0.9.6-8","0.9.6-9","0.9.6-10","0.9.6-11","0.9.6-12","0.9.6-13","0.9.6-14","0.9.6-15","0.9.6-16","0.9.6-17","0.9.6-18","0.9.6-19","0.9.6-20","0.9.6-21","0.9.6-22","0.9.6-23","0.9.7","0.9.7-0","0.9.7-1","0.9.7-1.1","0.9.7-1.2","0.9.7-1.3","0.9.7-1.4","0.9.7-2","0.9.7-2-1","0.9.7-2-2","0.9.7-2-3","0.9.7-2-4","0.9.7-2-5","0.9.7-3","0.9.7-3-1","0.9.7-3-2","0.9.7-3-3","0.9.7-3-4","0.9.7-3-5","0.9.8","0.9.8-1","0.9.8-2","0.9.8-3","0.9.8-4","0.9.8-5","0.9.8-6","0.9.8-7","0.9.9","0.9.9-1","0.9.9-2","0.9.9-3","0.9.9-4","0.9.9-5","0.9.9-6","0.9.9-7","0.9.9-8","1.0.0","1.0.1","1.0.2","1.1.0-beta","1.1.0","1.1.1","1.1.2","1.1.3","1.1.4","1.1.5","1.1.6","1.1.7","1.1.8","1.1.9","1.1.10","1.1.11","1.2.0","1.2.1","1.2.2","1.2.3","1.2.4","1.2.5","1.2.6","1.2.7","1.2.8","1.2.9","1.2.10","1.2.11","1.2.12","1.2.13","1.2.14","1.3.0","1.3.1","1.3.2","1.3.3","1.3.4","1.3.5","1.3.6","1.3.7","1.3.8","1.3.9","1.3.10","1.3.11","1.3.12","1.3.14","1.3.15","1.3.18","1.3.17"]
36 error     at installTargetsError (/usr/local/lib/node_modules/npm/lib/cache.js:719:10)
36 error     at next (/usr/local/lib/node_modules/npm/lib/cache.js:698:17)
36 error     at /usr/local/lib/node_modules/npm/lib/cache.js:675:5
36 error     at saved (/usr/local/lib/node_modules/npm/node_modules/npm-registry-client/lib/get.js:142:7)
36 error     at /usr/local/lib/node_modules/npm/node_modules/graceful-fs/polyfills.js:133:7
36 error     at Object.oncomplete (fs.js:107:15)
37 error If you need help, you may report this log at:
37 error     <http://github.com/isaacs/npm/issues>
37 error or email it to:
37 error     <npm-@googlegroups.com>
38 error System Linux 3.2.0-4-amd64
39 error command "/usr/local/bin/node" "/usr/local/bin/npm" "install"
40 error cwd /home/dluetke/src/Recordspaces
41 error node -v v0.10.15
42 error npm -v 1.3.5
43 verbose exit [ 1, true ]
